d:\users\eric\desktop\bwapi\starcraftai\exampleaimodule\debug\bwapiext.obj
d:\users\eric\desktop\bwapi\starcraftai\exampleaimodule\debug\gridmap.obj
d:\users\eric\desktop\bwapi\starcraftai\exampleaimodule\debug\utils.obj
d:\users\eric\desktop\bwapi\starcraftai\exampleaimodule\debug\base.obj
d:\users\eric\desktop\bwapi\starcraftai\exampleaimodule\debug\mapprinter.obj
d:\users\eric\desktop\bwapi\starcraftai\exampleaimodule\debug\area.obj
d:\users\eric\desktop\bwapi\starcraftai\exampleaimodule\debug\tiles.obj
d:\users\eric\desktop\bwapi\starcraftai\exampleaimodule\debug\easybmp.obj
d:\users\eric\desktop\bwapi\starcraftai\exampleaimodule\debug\graph.obj
d:\users\eric\desktop\bwapi\starcraftai\exampleaimodule\debug\dll.obj
d:\users\eric\desktop\bwapi\starcraftai\exampleaimodule\debug\bwem.obj
d:\users\eric\desktop\bwapi\starcraftai\exampleaimodule\debug\map.obj
d:\users\eric\desktop\bwapi\starcraftai\exampleaimodule\debug\exampleaimodule.obj
d:\users\eric\desktop\bwapi\starcraftai\exampleaimodule\debug\cp.obj
d:\users\eric\desktop\bwapi\starcraftai\exampleaimodule\debug\mapimpl.obj
d:\users\eric\desktop\bwapi\starcraftai\exampleaimodule\debug\examplewall.obj
d:\users\eric\desktop\bwapi\starcraftai\exampleaimodule\debug\mapdrawer.obj
d:\users\eric\desktop\bwapi\starcraftai\exampleaimodule\debug\winutils.obj
d:\users\eric\desktop\bwapi\starcraftai\exampleaimodule\debug\examples.obj
d:\users\eric\desktop\bwapi\starcraftai\exampleaimodule\debug\neutral.obj
d:\users\eric\desktop\bwapi\starcraftai\exampleaimodule\debug\vc141.pdb
d:\users\eric\desktop\bwapi\starcraftai\exampleaimodule\debug\exampleaimodule.tlog\cl.command.1.tlog
d:\users\eric\desktop\bwapi\starcraftai\exampleaimodule\debug\exampleaimodule.tlog\cl.read.1.tlog
d:\users\eric\desktop\bwapi\starcraftai\exampleaimodule\debug\exampleaimodule.tlog\cl.write.1.tlog
d:\users\eric\desktop\bwapi\starcraftai\exampleaimodule\debug\exampleaimodule.tlog\link.command.1.tlog
d:\users\eric\desktop\bwapi\starcraftai\exampleaimodule\debug\exampleaimodule.tlog\link.read.1.tlog
d:\users\eric\desktop\bwapi\starcraftai\exampleaimodule\debug\exampleaimodule.tlog\link.write.1.tlog
